{"level":"info","message":{"method":"POST","time":"2025-08-26T19:06:21.796Z","url":"/api/chat/test"},"timestamp":"2025-08-26T19:06:21.800Z"}
{"level":"info","message":{"method":"POST","time":"2025-08-26T19:10:27.356Z","url":"/api/chat/test"},"timestamp":"2025-08-26T19:10:27.356Z"}
{"level":"info","message":{"method":"POST","time":"2025-08-27T10:31:20.017Z","url":"/api/chat/"},"timestamp":"2025-08-27T10:31:20.018Z"}
{"level":"info","message":{"method":"POST","time":"2025-08-27T10:32:58.589Z","url":"/api/chat/"},"timestamp":"2025-08-27T10:32:58.590Z"}
{"level":"info","message":{"method":"POST","time":"2025-08-27T10:33:41.096Z","url":"/api/chat/"},"timestamp":"2025-08-27T10:33:41.099Z"}
{"level":"info","message":{"method":"POST","time":"2025-08-27T10:41:59.845Z","url":"/api/chat/"},"timestamp":"2025-08-27T10:41:59.846Z"}
{"level":"info","message":{"method":"POST","time":"2025-08-27T11:00:04.020Z","url":"/api/chat/"},"timestamp":"2025-08-27T11:00:04.022Z"}
{"level":"info","message":{"method":"POST","time":"2025-08-27T11:03:54.243Z","url":"/api/chat/"},"timestamp":"2025-08-27T11:03:54.245Z"}
{"level":"info","message":{"method":"POST","time":"2025-08-27T11:05:31.374Z","url":"/api/chat/"},"timestamp":"2025-08-27T11:05:31.376Z"}
{"level":"info","message":{"method":"POST","time":"2025-08-27T11:09:55.908Z","url":"/api/chat/"},"timestamp":"2025-08-27T11:09:55.909Z"}
{"level":"info","message":{"method":"POST","time":"2025-08-27T11:20:53.842Z","url":"/api/chat/"},"timestamp":"2025-08-27T11:20:53.843Z"}
{"level":"info","message":{"method":"POST","time":"2025-08-27T11:21:20.432Z","url":"/api/send"},"timestamp":"2025-08-27T11:21:20.432Z"}
{"level":"info","message":{"method":"POST","time":"2025-08-27T11:21:56.755Z","url":"/api/messages"},"timestamp":"2025-08-27T11:21:56.756Z"}
{"level":"info","message":{"method":"GET","time":"2025-08-27T11:24:02.881Z","url":"/api/messages"},"timestamp":"2025-08-27T11:24:02.881Z"}
{"level":"info","message":{"method":"OPTIONS","time":"2025-08-27T11:39:47.269Z","url":"/api/send"},"timestamp":"2025-08-27T11:39:47.276Z"}
{"level":"info","message":{"method":"POST","time":"2025-08-28T12:26:19.775Z","url":"/api/auth/login"},"timestamp":"2025-08-28T12:26:19.775Z"}
{"level":"info","message":{"method":"POST","time":"2025-08-28T12:30:28.654Z","url":"/api/auth/login"},"timestamp":"2025-08-28T12:30:28.654Z"}
{"level":"info","message":{"method":"POST","time":"2025-08-28T12:31:28.336Z","url":"/api/auth/login"},"timestamp":"2025-08-28T12:31:28.337Z"}
{"level":"info","message":{"method":"POST","time":"2025-08-28T12:36:23.956Z","url":"/api/auth/login"},"timestamp":"2025-08-28T12:36:23.956Z"}
{"level":"info","message":{"method":"POST","time":"2025-08-28T12:36:32.682Z","url":"/api/auth/login"},"timestamp":"2025-08-28T12:36:32.682Z"}
{"level":"info","message":{"method":"POST","time":"2025-08-28T12:38:03.532Z","url":"/api/auth/login"},"timestamp":"2025-08-28T12:38:03.532Z"}
{"level":"info","message":{"method":"POST","time":"2025-08-28T12:49:51.999Z","url":"/api/auth/login"},"timestamp":"2025-08-28T12:49:52.000Z"}
{"level":"info","message":{"method":"POST","time":"2025-08-28T12:51:41.089Z","url":"/api/auth/login"},"timestamp":"2025-08-28T12:51:41.089Z"}
{"level":"info","message":{"method":"POST","time":"2025-08-28T12:52:00.078Z","url":"/api/auth/login"},"timestamp":"2025-08-28T12:52:00.079Z"}
{"level":"info","message":{"method":"POST","time":"2025-08-28T12:52:31.458Z","url":"/api/auth/login"},"timestamp":"2025-08-28T12:52:31.458Z"}
{"level":"info","message":{"method":"GET","time":"2025-08-28T12:52:41.077Z","url":"/api/chat/123456/qwert"},"timestamp":"2025-08-28T12:52:41.077Z"}
{"level":"info","message":{"method":"GET","time":"2025-08-28T12:52:42.334Z","url":"/api/chat/123456/qwert"},"timestamp":"2025-08-28T12:52:42.334Z"}
{"level":"info","message":{"method":"GET","time":"2025-08-28T12:52:42.522Z","url":"/api/chat/123456/qwert"},"timestamp":"2025-08-28T12:52:42.522Z"}
{"level":"info","message":{"method":"GET","time":"2025-08-28T12:52:45.348Z","url":"/api/chat/123456/qwert"},"timestamp":"2025-08-28T12:52:45.348Z"}
{"level":"info","message":{"method":"GET","time":"2025-08-28T12:52:45.515Z","url":"/api/chat/123456/qwert"},"timestamp":"2025-08-28T12:52:45.515Z"}
{"level":"info","message":{"method":"GET","time":"2025-08-28T12:52:45.691Z","url":"/api/chat/123456/qwert"},"timestamp":"2025-08-28T12:52:45.691Z"}
{"level":"info","message":{"method":"POST","time":"2025-08-28T12:53:26.145Z","url":"/api/auth/login"},"timestamp":"2025-08-28T12:53:26.145Z"}
{"level":"info","message":{"method":"GET","time":"2025-08-28T12:53:30.006Z","url":"/api/chat/123456/qwert"},"timestamp":"2025-08-28T12:53:30.006Z"}
{"level":"info","message":{"method":"POST","time":"2025-08-28T12:56:42.955Z","url":"/api/auth/login"},"timestamp":"2025-08-28T12:56:42.955Z"}
{"level":"info","message":{"method":"GET","time":"2025-08-28T12:56:52.041Z","url":"/api/chat/123456/qwert"},"timestamp":"2025-08-28T12:56:52.041Z"}
{"level":"info","message":{"method":"POST","time":"2025-08-28T12:57:23.421Z","url":"/api/auth/login"},"timestamp":"2025-08-28T12:57:23.421Z"}
{"level":"info","message":{"method":"GET","time":"2025-08-28T12:57:30.900Z","url":"/api/chat/qwert/123456"},"timestamp":"2025-08-28T12:57:30.900Z"}
{"level":"info","message":{"method":"GET","time":"2025-08-28T13:10:23.756Z","url":"/api/chat/123456/qwert"},"timestamp":"2025-08-28T13:10:23.756Z"}
{"level":"info","message":{"method":"GET","time":"2025-08-28T14:23:53.824Z","url":"/api/manifest.json"},"timestamp":"2025-08-28T14:23:53.824Z"}
{"level":"info","message":{"method":"POST","time":"2025-08-28T14:24:00.736Z","url":"/api/auth/login"},"timestamp":"2025-08-28T14:24:00.736Z"}
{"level":"info","message":{"method":"GET","time":"2025-08-28T14:24:05.781Z","url":"/api/chat/123456/qwert"},"timestamp":"2025-08-28T14:24:05.781Z"}
{"level":"info","message":{"method":"GET","time":"2025-08-28T14:24:30.213Z","url":"/api/manifest.json"},"timestamp":"2025-08-28T14:24:30.213Z"}
{"level":"info","message":{"method":"POST","time":"2025-08-28T14:24:37.896Z","url":"/api/auth/login"},"timestamp":"2025-08-28T14:24:37.896Z"}
{"level":"info","message":{"method":"GET","time":"2025-08-28T14:24:45.439Z","url":"/api/chat/qwert/123456"},"timestamp":"2025-08-28T14:24:45.439Z"}
{"level":"info","message":{"method":"GET","time":"2025-08-28T14:28:09.244Z","url":"/api/manifest.json"},"timestamp":"2025-08-28T14:28:09.245Z"}
{"level":"info","message":{"method":"POST","time":"2025-08-28T14:28:14.250Z","url":"/api/auth/login"},"timestamp":"2025-08-28T14:28:14.250Z"}
{"level":"info","message":{"method":"GET","time":"2025-08-28T14:28:18.552Z","url":"/api/chat/123456/qwert"},"timestamp":"2025-08-28T14:28:18.552Z"}
{"level":"info","message":{"method":"POST","time":"2025-08-28T14:28:40.428Z","url":"/api/auth/login"},"timestamp":"2025-08-28T14:28:40.428Z"}
{"level":"info","message":{"method":"GET","time":"2025-08-28T14:28:44.979Z","url":"/api/chat/qwert/123456"},"timestamp":"2025-08-28T14:28:44.979Z"}
{"level":"info","message":{"method":"GET","time":"2025-08-28T14:31:01.791Z","url":"/aoi"},"timestamp":"2025-08-28T14:31:01.791Z"}
{"level":"info","message":{"method":"GET","time":"2025-08-28T14:31:47.781Z","url":"/api/chat/start"},"timestamp":"2025-08-28T14:31:47.781Z"}
{"level":"info","message":{"method":"POST","time":"2025-08-28T14:31:55.931Z","url":"/api/chat/start"},"timestamp":"2025-08-28T14:31:55.931Z"}
{"level":"info","message":{"method":"POST","time":"2025-08-28T14:32:11.006Z","url":"/api/chat/:"},"timestamp":"2025-08-28T14:32:11.006Z"}
{"level":"info","message":{"method":"GET","time":"2025-08-28T14:32:21.602Z","url":"/api/chat/:123456/:qwert"},"timestamp":"2025-08-28T14:32:21.602Z"}
